{
  "RSpec": {
    "coverage": {
      "/home/resource/rorapps/triedge/app/models/role.rb": [
        1,
        1,
        1,
        null,
        1,
        null,
        null,
        null,
        1,
        null
      ],
      "/home/resource/rorapps/triedge/app/models/user.rb": [
        1,
        1,
        null,
        null,
        1,
        null,
        null,
        null
      ],
      "/home/resource/rorapps/triedge/app/helpers/admin/answers_helper.rb": [
        1,
        null
      ],
      "/home/resource/rorapps/triedge/app/helpers/admin/chapters_helper.rb": [
        1,
        null
      ],
      "/home/resource/rorapps/triedge/app/helpers/admin/questions_helper.rb": [
        1,
        null
      ],
      "/home/resource/rorapps/triedge/app/helpers/admin/quizzes_helper.rb": [
        1,
        null
      ],
      "/home/resource/rorapps/triedge/app/helpers/admin/videos_helper.rb": [
        1,
        null
      ],
      "/home/resource/rorapps/triedge/app/helpers/application_helper.rb": [
        1,
        null
      ],
      "/home/resource/rorapps/triedge/app/helpers/courses_helper.rb": [
        1,
        null
      ],
      "/home/resource/rorapps/triedge/app/helpers/dashboard_helper.rb": [
        1,
        null
      ],
      "/home/resource/rorapps/triedge/app/helpers/page_helper.rb": [
        1,
        null
      ],
      "/home/resource/rorapps/triedge/app/controllers/admin/chapters_controller.rb": [
        1,
        1,
        1,
        null,
        null,
        null,
        1,
        2,
        2,
        null,
        null,
        null,
        null,
        1,
        2,
        null,
        null,
        null,
        1,
        1,
        1,
        null,
        null,
        null,
        1,
        0,
        0,
        null,
        null,
        null,
        null,
        1,
        null,
        3,
        3,
        3,
        3,
        3,
        3,
        null,
        0,
        0,
        null,
        null,
        null,
        null,
        null,
        null,
        1,
        7,
        3,
        3,
        null,
        4,
        4,
        null,
        null,
        null,
        null,
        null,
        1,
        3,
        3,
        3,
        3,
        null,
        null,
        null,
        1,
        null,
        1,
        12,
        null,
        null,
        null,
        1,
        13,
        null,
        null
      ],
      "/home/resource/rorapps/triedge/app/controllers/application_controller.rb": [
        1,
        null,
        null,
        1,
        1,
        null,
        null,
        null,
        null,
        null,
        null,
        null,
        1,
        0,
        0,
        null,
        null,
        0,
        null,
        null,
        null
      ],
      "/home/resource/rorapps/triedge/app/models/course.rb": [
        1,
        1,
        1,
        null
      ],
      "/home/resource/rorapps/triedge/app/models/chapter.rb": [
        1,
        1,
        1,
        1,
        1,
        null
      ],
      "/home/resource/rorapps/triedge/app/models/ability.rb": [
        1,
        1,
        null,
        1,
        null,
        null,
        null,
        null,
        null,
        null,
        null,
        null,
        null,
        null,
        null,
        null,
        null,
        null,
        null,
        null,
        null,
        null,
        null,
        null,
        null,
        null,
        null,
        null,
        null,
        null,
        null,
        19,
        null,
        19,
        18,
        null,
        1,
        null,
        null,
        null
      ]
    },
    "timestamp": 1441797381
  }
}
